<?xml version="1.0" encoding="UTF-8"?>
<!-- Generated by org.testng.reporters.JUnitReportReporter -->
<testsuite skipped="0" hostname="Prakat-D-002" name="com.prakat.Exide.TestScripts.ProposalForm" tests="1" failures="0" timestamp="13 Jun 2019 04:36:55 GMT" time="86.353" errors="0">
  <testcase name="ProductDetails" time="86.353" classname="com.prakat.Exide.TestScripts.ProposalForm"/>
</testsuite> <!-- com.prakat.Exide.TestScripts.ProposalForm -->
