<?xml version="1.0" encoding="UTF-8"?>
<!-- Generated by org.testng.reporters.JUnitReportReporter -->
<testsuite skipped="0" hostname="Prakat-D-002" name="com.prakat.Exide.TestScripts.ProposalForm" tests="1" failures="0" timestamp="19 Jun 2019 12:22:13 GMT" time="185.323" errors="0">
  <testcase name="ProductDetails" time="185.323" classname="com.prakat.Exide.TestScripts.ProposalForm"/>
</testsuite> <!-- com.prakat.Exide.TestScripts.ProposalForm -->
