<?xml version="1.0" encoding="UTF-8"?>
<!-- Generated by org.testng.reporters.JUnitReportReporter -->
<testsuite skipped="0" hostname="Prakat-L-064" name="com.prakat.Exide.TestScripts.PFHalfYearly" tests="1" failures="0" timestamp="04 Jul 2019 07:29:24 GMT" time="130.550" errors="0">
  <testcase name="ProductDetails" time="130.550" classname="com.prakat.Exide.TestScripts.PFHalfYearly"/>
</testsuite> <!-- com.prakat.Exide.TestScripts.PFHalfYearly -->
